src/App.tsx(60,1): error TS6133: 'PropertySelector' is declared but its value is never read.
src/components/dashboard/containers/ExecutiveDashboardContainer.tsx(1,8): error TS6133: 'React' is declared but its value is never read.
src/components/dashboard/containers/RegionalDashboardContainer.tsx(1,8): error TS6133: 'React' is declared but its value is never read.
src/components/dashboard/containers/StoreDashboardContainer.tsx(1,8): error TS6133: 'React' is declared but its value is never read.
src/components/enterprise/OutletInboundReconciliation.tsx(3,19): error TS6133: 'AlertCircle' is declared but its value is never read.
src/components/enterprise/OutletInboundReconciliation.tsx(3,32): error TS6133: 'FileText' is declared but its value is never read.
src/components/executive/validation/DataIntakeConsole.tsx(1,8): error TS6133: 'React' is declared but its value is never read.
src/components/executive/validation/DataIntakeConsole.tsx(21,17): error TS6133: 'companyIdHeader' is declared but its value is never read.
src/components/ExecutiveTargetEditor.tsx(1,8): error TS6133: 'React' is declared but its value is never read.
src/components/GlobalErrorBoundary.tsx(1,8): error TS6133: 'React' is declared but its value is never read.
src/components/layouts/PartnerLayout.tsx(9,11): error TS6133: 'navigate' is declared but its value is never read.
src/components/ManualEntryForm.tsx(10,77): error TS6133: 'onClose' is declared but its value is never read.
src/components/NetworkReportCard.tsx(1,8): error TS6133: 'React' is declared but its value is never read.
src/components/NetworkReportCard.tsx(2,1): error TS6133: 'Calendar' is declared but its value is never read.
src/components/NetworkReportCard.tsx(69,63): error TS6133: 'isCurrency' is declared but its value is never read.
src/components/NetworkSyncManager.tsx(7,12): error TS6133: 'isOnline' is declared but its value is never read.
src/components/operations/DockReceivingPortal.tsx(1,8): error TS6133: 'React' is declared but its value is never read.
src/components/operations/InventorySubmitPortal.tsx(1,8): error TS6133: 'React' is declared but its value is never read.
src/components/operations/ProductionRecordPortal.tsx(1,8): error TS6133: 'React' is declared but its value is never read.
src/components/operations/ProductionRecordPortal.tsx(6,21): error TS6133: 'setBatchId' is declared but its value is never read.
src/components/SaaS/GlobalGlobe.tsx(330,25): error TS2322: Type '{ ref: MutableRefObject<any>; width: number; height: number; backgroundColor: string; globeImageUrl: string; bumpImageUrl: string; showAtmosphere: true; atmosphereColor: string; ... 21 more ...; onLabelClick: (region: any) => void; }' is not assignable to type 'IntrinsicAttributes & GlobeProps & { ref?: MutableRefObject<GlobeMethods | undefined> | undefined; }'.
  Property 'onRingClick' does not exist on type 'IntrinsicAttributes & GlobeProps & { ref?: MutableRefObject<GlobeMethods | undefined> | undefined; }'.
src/components/StorePerformanceTable.tsx(38,56): error TS6133: 'summary' is declared but its value is never read.
src/components/StorePerformanceTable.tsx(39,11): error TS6133: 'navigate' is declared but its value is never read.
src/components/WeeklyInputForm.tsx(1,82): error TS6133: 'ChevronRight' is declared but its value is never read.
src/components/WeeklyInputForm.tsx(69,42): error TS2339: Property 'env' does not exist on type 'ImportMeta'.
src/components/WeeklyInputForm.tsx(100,42): error TS2339: Property 'env' does not exist on type 'ImportMeta'.
src/components/WeeklyInputForm.tsx(162,42): error TS2339: Property 'env' does not exist on type 'ImportMeta'.
src/context/ThemeContext.tsx(42,43): error TS2339: Property 'env' does not exist on type 'ImportMeta'.
src/hooks/useOfflineInventory.ts(102,19): error TS6133: 'token' is declared but its value is never read.
src/pages/AdminSupport.tsx(194,98): error TS2339: Property 'id' does not exist on type '{ store_name: string; location: string; }'.
src/pages/CommandCenter.tsx(10,5): error TS6133: 'Users' is declared but its value is never read.
src/pages/CompanySettings.tsx(13,5): error TS6133: 'CreditCard' is declared but its value is never read.
src/pages/CompanySettings.tsx(150,11): error TS6133: 'openAssignModal' is declared but its value is never read.
src/pages/CorpProcurement.tsx(2,18): error TS6133: 'TrendingDown' is declared but its value is never read.
src/pages/CorpProcurement.tsx(2,32): error TS6133: 'TrendingUp' is declared but its value is never read.
src/pages/CorpProcurement.tsx(2,95): error TS6133: 'Search' is declared but its value is never read.
src/pages/CorpProcurement.tsx(8,11): error TS6133: 't' is declared but its value is never read.
src/pages/CorpProcurement.tsx(10,12): error TS6133: 'searchTerm' is declared but its value is never read.
src/pages/CorpProcurement.tsx(10,24): error TS6133: 'setSearchTerm' is declared but its value is never read.
src/pages/Dashboard.tsx(1,8): error TS6133: 'React' is declared but its value is never read.
src/pages/DeliveryPage.tsx(125,11): error TS6133: 'isDirectorOrAdmin' is declared but its value is never read.
src/pages/enterprise/ExecutiveChefConsole.tsx(1,8): error TS6133: 'React' is declared but its value is never read.
src/pages/enterprise/ExecutiveChefConsole.tsx(5,87): error TS6133: 'Users' is declared but its value is never read.
src/pages/enterprise/KitchenOperatorScreen.tsx(1,8): error TS6133: 'React' is declared but its value is never read.
src/pages/enterprise/KitchenOperatorScreen.tsx(4,19): error TS6133: 'Truck' is declared but its value is never read.
src/pages/enterprise/KitchenOperatorScreen.tsx(4,36): error TS6133: 'FileDigit' is declared but its value is never read.
src/pages/enterprise/KitchenOperatorScreen.tsx(24,11): error TS6133: 'logout' is declared but its value is never read.
src/pages/enterprise/KitchenOperatorScreen.tsx(55,27): error TS6133: 'outletSlug' is declared but its value is never read.
src/pages/enterprise/KitchenOperatorScreen.tsx(110,22): error TS6133: 'outletSlug' is declared but its value is never read.
src/pages/enterprise/KitchenOperatorScreen.tsx(165,23): error TS6133: 'outletSlug' is declared but its value is never read.
src/pages/enterprise/NetworkDashboard.tsx(1,8): error TS6133: 'React' is declared but its value is never read.
src/pages/enterprise/NetworkDashboard.tsx(4,57): error TS6133: 'TrendingUp' is declared but its value is never read.
src/pages/enterprise/NetworkDashboard.tsx(4,69): error TS6133: 'TrendingDown' is declared but its value is never read.
src/pages/enterprise/NetworkDashboard.tsx(4,83): error TS6133: 'Minus' is declared but its value is never read.
src/pages/enterprise/NetworkDashboard.tsx(91,43): error TS7006: Parameter 'acc' implicitly has an 'any' type.
src/pages/enterprise/NetworkDashboard.tsx(91,48): error TS7006: Parameter 'curr' implicitly has an 'any' type.
src/pages/enterprise/NetworkDashboard.tsx(97,46): error TS7006: Parameter 'acc' implicitly has an 'any' type.
src/pages/enterprise/NetworkDashboard.tsx(97,51): error TS7006: Parameter 'curr' implicitly has an 'any' type.
src/pages/enterprise/NetworkDashboard.tsx(137,41): error TS7006: Parameter 'p' implicitly has an 'any' type.
src/pages/enterprise/NetworkDashboard.tsx(190,46): error TS7006: Parameter 'p' implicitly has an 'any' type.
src/pages/enterprise/NetworkDashboard.tsx(198,46): error TS7006: Parameter 'p' implicitly has an 'any' type.
src/pages/enterprise/OutletKPIDashboard.tsx(1,8): error TS6133: 'React' is declared but its value is never read.
src/pages/enterprise/OutletKPIDashboard.tsx(8,116): error TS6133: 'Legend' is declared but its value is never read.
src/pages/enterprise/OutletSelector.tsx(1,8): error TS6133: 'React' is declared but its value is never read.
src/pages/enterprise/OutletSelector.tsx(4,10): error TS6133: 'Building2' is declared but its value is never read.
src/pages/enterprise/PropertySelector.tsx(1,8): error TS6133: 'React' is declared but its value is never read.
src/pages/executive/CorporateSpecs.tsx(41,10): error TS6133: 'isSaving' is declared but its value is never read.
src/pages/executive/JVPDashboard.tsx(1,8): error TS6133: 'React' is declared but its value is never read.
src/pages/executive/JVPDashboard.tsx(15,19): error TS6133: 'selectedCompany' is declared but its value is never read.
src/pages/executive/ValidationCenter.tsx(1,8): error TS6133: 'React' is declared but its value is never read.
src/pages/executive/ValidationCenter.tsx(3,14): error TS6133: 'MapPin' is declared but its value is never read.
src/pages/executive/ValidationCenter.tsx(4,60): error TS6133: 'XCircle' is declared but its value is never read.
src/pages/executive/ValidationCenter.tsx(23,12): error TS6133: 'quarantine' is declared but its value is never read.
src/pages/executive/ValidationCenter.tsx(24,12): error TS6133: 'shadow' is declared but its value is never read.
src/pages/executive/ValidationCenter.tsx(25,12): error TS6133: 'audit' is declared but its value is never read.
src/pages/IdeaVault.tsx(15,23): error TS6133: 'pendingMessages' is declared but its value is never read.
src/pages/Intelligence/ProcurementShadowDashboard.tsx(191,59): error TS6133: 'customWon' is declared but its value is never read.
src/pages/Landing.tsx(1,1): error TS6133: 'React' is declared but its value is never read.
src/pages/Landing.tsx(3,22): error TS6133: 'BarChart3' is declared but its value is never read.
src/pages/Landing.tsx(3,33): error TS6133: 'ShieldCheck' is declared but its value is never read.
src/pages/Landing.tsx(3,51): error TS6133: 'Globe' is declared but its value is never read.
src/pages/Landing.tsx(3,58): error TS6133: 'Users' is declared but its value is never read.
src/pages/Landing.tsx(3,65): error TS6133: 'CheckCircle2' is declared but its value is never read.
src/pages/LegacyDashboard.tsx(40,35): error TS6133: 'scope' is declared but its value is never read.
src/pages/LegacyDashboard.tsx(40,42): error TS6133: 'tenantId' is declared but its value is never read.
src/pages/LegacyDashboard.tsx(40,52): error TS6133: 'role' is declared but its value is never read.
src/pages/LegacyDashboard.tsx(40,67): error TS6133: 'regionId' is declared but its value is never read.
src/pages/LegacyDashboard.tsx(42,11): error TS6133: 'routeStoreId' is declared but its value is never read.
src/pages/Login.tsx(14,11): error TS6133: 'fromPath' is declared but its value is never read.
src/pages/OperationalHub.tsx(1,1): error TS6133: 'React' is declared but its value is never read.
src/pages/partner/AcceptProposal.tsx(7,11): error TS6133: 'navigate' is declared but its value is never read.
src/pages/PerformanceDashboard.tsx(2,10): error TS6133: 'TrendingUp' is declared but its value is never read.
src/pages/PerformanceDashboard.tsx(2,22): error TS6133: 'Users' is declared but its value is never read.
src/pages/PerformanceDashboard.tsx(2,29): error TS6133: 'AlertTriangle' is declared but its value is never read.
src/pages/PerformanceDashboard.tsx(2,44): error TS6133: 'CheckCircle' is declared but its value is never read.
src/pages/PerformanceDashboard.tsx(143,11): error TS6133: 'totalStores' is declared but its value is never read.
src/pages/PilotTracker.tsx(1,8): error TS6133: 'React' is declared but its value is never read.
src/pages/PilotTracker.tsx(4,32): error TS6133: 'CheckCircle' is declared but its value is never read.
src/pages/PilotTracker.tsx(8,11): error TS6133: 't' is declared but its value is never read.
src/pages/PlaceholderPage.tsx(1,1): error TS6133: 'React' is declared but its value is never read.
src/pages/RegionalOverview.tsx(1,8): error TS6133: 'React' is declared but its value is never read.
src/pages/RegionalOverview.tsx(181,104): error TS2339: Property 'id' does not exist on type 'StoreRankingItem'.
src/pages/SaaSAdminDashboard.tsx(1,8): error TS6133: 'React' is declared but its value is never read.
src/pages/sre/SRECommandCenter.tsx(1,8): error TS6133: 'React' is declared but its value is never read.
src/pages/sre/SRECommandCenter.tsx(2,25): error TS2307: Cannot find module '../../../context/AuthContext' or its corresponding type declarations.
src/pages/sre/SRECommandCenter.tsx(4,23): error TS6133: 'Activity' is declared but its value is never read.
src/pages/sre/SRECommandCenter.tsx(5,27): error TS6133: 'BarChart' is declared but its value is never read.
src/pages/sre/SRECommandCenter.tsx(5,37): error TS6133: 'Bar' is declared but its value is never read.
src/pages/store/ButcherLeaderboard.tsx(1,8): error TS6133: 'React' is declared but its value is never read.
src/pages/store/ButcherLeaderboard.tsx(1,27): error TS6133: 'useEffect' is declared but its value is never read.
src/pages/store/ButcherLeaderboard.tsx(6,11): error TS6133: 'storeId' is declared but its value is never read.
src/pages/store/ButcherLeaderboard.tsx(10,22): error TS6133: 'setButchers' is declared but its value is never read.
src/pages/store/components/ALaCarteCommandCenter.tsx(1,8): error TS6133: 'React' is declared but its value is never read.
src/pages/store/components/ALaCarteCommandCenter.tsx(7,3): error TS6133: 'AlertTriangle' is declared but its value is never read.
src/pages/store/components/ALaCarteCommandCenter.tsx(23,28): error TS6133: 'user' is declared but its value is never read.
src/pages/store/EndOfShiftAudit.tsx(1,8): error TS6133: 'React' is declared but its value is never read.
src/pages/store/EndOfShiftAudit.tsx(9,3): error TS6133: 'ArrowRight' is declared but its value is never read.
src/pages/store/MeatYieldStation.tsx(1,8): error TS6133: 'React' is declared but its value is never read.
src/pages/store/MeatYieldStation.tsx(10,3): error TS6133: 'ListRestart' is declared but its value is never read.
src/pages/store/MeatYieldStation.tsx(18,9): error TS6133: 'selectedCompany' is declared but its value is never read.
src/pages/store/MeatYieldStation.tsx(66,15): error TS2322: Type '"APPROVED"' is not assignable to type '"QUARANTINED" | "GOOD" | "WARN" | "BAD"'.
src/pages/store/PullToPrep.tsx(1,8): error TS6133: 'React' is declared but its value is never read.
src/pages/store/PullToPrep.tsx(26,9): error TS6133: 'storeId' is declared but its value is never read.
src/pages/store/PullToPrep.tsx(184,12): error TS6133: 'error' is declared but its value is never read.
src/pages/store/ReceivingScanner.tsx(2,65): error TS6133: 'Play' is declared but its value is never read.
src/pages/store/ReceivingScanner.tsx(2,71): error TS6133: 'Square' is declared but its value is never read.
src/pages/store/ReceivingScanner.tsx(21,17): error TS6133: 'selectedCompany' is declared but its value is never read.
src/pages/store/ReceivingScanner.tsx(66,9): error TS6133: 'renderExplainability' is declared but its value is never read.
src/pages/store/ReceivingScanner.tsx(115,39): error TS2339: Property 'env' does not exist on type 'ImportMeta'.
src/pages/store/ReceivingScanner.tsx(188,35): error TS2339: Property 'env' does not exist on type 'ImportMeta'.
src/pages/store/ReceivingScanner.tsx(301,39): error TS2339: Property 'env' does not exist on type 'ImportMeta'.
src/pages/store/ReceivingScanner.tsx(310,33): error TS2304: Cannot find name 'parseData'.
src/pages/store/ReceivingScanner.tsx(540,49): error TS2339: Property 'env' does not exist on type 'ImportMeta'.
src/pages/StoreActionConsole.tsx(1,8): error TS6133: 'React' is declared but its value is never read.
src/pages/StoreActionConsole.tsx(25,12): error TS6133: 'activeStoreFilter' is declared but its value is never read.
src/pages/StoreSettings.tsx(1,8): error TS6133: 'React' is declared but its value is never read.
src/pages/WastePage.tsx(1,31): error TS6133: 'useCallback' is declared but its value is never read.
src/pages/WeeklyInventory.tsx(2,119): error TS6133: 'Camera' is declared but its value is never read.
src/pages/WeeklyInventory.tsx(2,130): error TS6133: 'Maximize' is declared but its value is never read.
src/pages/WeeklyInventory.tsx(2,140): error TS6133: 'AlertCircle' is declared but its value is never read.
src/pages/WeeklyInventory.tsx(3,1): error TS6133: 'Html5Qrcode' is declared but its value is never read.
src/pages/WeeklyPriceInput.tsx(34,12): error TS6133: 'productsLoading' is declared but its value is never read.
src/pages/WeeklyPriceInput.tsx(168,13): error TS6133: 'duplicateDetected' is declared but its value is never read.
src/utils/dashboardAdapters.ts(80,18): error TS6133: 'summary' is declared but its value is never read.
