
> texas-meat-tracker@2.5.2 start
> NODE_ENV=production npm run start --prefix server


> meat-tracker-server@2.5.2 start
> (npx prisma db push --accept-data-loss || echo 'PRISMA MIGRATION FAILED') && echo 'DEBUG: Ls dist' && ls -la dist/src && node dist/src/index.js

Environment variables loaded from .env
Prisma schema loaded from prisma/schema.prisma
Datasource "db": PostgreSQL database "brasa_meat_tracker", schema "public" at "localhost:5433"

The database is already in sync with the Prisma schema.

Running generate... (Use --skip-generate to skip the generators)
[2K[1A[2K[GRunning generate... - Prisma Client
[2K[1A[2K[G✔ Generated Prisma Client (v5.22.0) to ./node_modules/@prisma/client in 56ms

DEBUG: Ls dist
total 16
drwxr-xr-x@  9 alexandregarcia  staff   288 Feb  9 11:04 .
drwxr-xr-x@  4 alexandregarcia  staff   128 Feb  7 10:56 ..
drwxr-xr-x@  5 alexandregarcia  staff   160 Feb 10 15:39 config
drwxr-xr-x@ 19 alexandregarcia  staff   608 Feb 12 00:52 controllers
drwxr-xr-x@  4 alexandregarcia  staff   128 Feb  7 10:56 engine
-rw-r--r--@  1 alexandregarcia  staff  7020 Feb 12 00:53 index.js
drwxr-xr-x@  3 alexandregarcia  staff    96 Feb  7 10:56 middleware
drwxr-xr-x@ 13 alexandregarcia  staff   416 Feb 12 00:52 routes
drwxr-xr-x@ 25 alexandregarcia  staff   800 Feb 10 15:39 scripts
[Startup] Ensuring user dallas@texasdebrazil.com exists...
[Startup] SUCCESS: Verified user dallas@texasdebrazil.com with role director
[Startup] Ensuring default system settings exist...
[Startup] SUCCESS: Verified default system settings and store targets.
🚀 BRASA INTEL v2.6.2-NEGOTIATOR running on http://localhost:3000
📅 Business Date Sync: Central Time (UTC-6) ACTIVE
