
> meat-tracker-server@2.5.2 dev
> ts-node-dev --respawn --transpile-only src/index.ts

[INFO] 23:33:04 ts-node-dev ver. 2.0.0 (using ts-node ver. 10.9.2, typescript ver. 5.9.3)
[Static] Serving frontend from: /Users/alexandregarcia/Brasa-Meat-Intelligence-BACKUP/client/dist
[Startup] Cleaning up duplicate proteins from the database...
[Startup] SUCCESS: Removed 0 duplicate proteins.
[Startup] Ensuring default system settings exist...
[Startup] SUCCESS: Verified default system settings and store targets.
[Startup] Ensuring primary store users are marked...
[Startup] SUCCESS: Marked 0 legacy/system users as primary.
[Startup] Ensuring critical production accounts are protected with proper auth and roles...
[Startup] SUCCESS: Production accounts verified and secured.
🚀 BRASA INTEL v4.2.0-DASHBOARD-EXEC running on http://localhost:3002
📅 Business Date Sync: Central Time (UTC-6) ACTIVE
🤖 AI Prospecting Agent: ONLINE (24/7 Watch Mode)
👁️ [ONEDRIVE WATCHER] Service Started. Monitoring for invoices...
🔍 [ONEDRIVE WATCHER] Checking for new files...
🚀 AI Prospecting Agent: Initiating full-scale search for new companies...
   Found 1 new invoices.
   Processing: invoice_sysco_dallas_0218.pdf
✅ AI Prospecting Agent: Exploration complete. Found 3 high-value targets.
   ✨ [Automated Ingestion] Successfully processed invoice_sysco_dallas_0218.pdf. Extracted 12 items.
✅ [MS GRAPH] Moving invoice_sysco_dallas_0218.pdf to 'Processed' folder...
[0mPOST /api/v1/public/leads [32m201[0m 12.140 ms - 89[0m
[HTTP] POST /public/leads 201 14ms
🔍 [ONEDRIVE WATCHER] Checking for new files...
   (No new files found)
🔍 [ONEDRIVE WATCHER] Checking for new files...
   (No new files found)
🔍 [ONEDRIVE WATCHER] Checking for new files...
   (No new files found)
🔍 [ONEDRIVE WATCHER] Checking for new files...
   (No new files found)
🔍 [ONEDRIVE WATCHER] Checking for new files...
   (No new files found)
🔍 [ONEDRIVE WATCHER] Checking for new files...
   (No new files found)
🔍 [ONEDRIVE WATCHER] Checking for new files...
   (No new files found)
🔍 [ONEDRIVE WATCHER] Checking for new files...
   (No new files found)
🔍 [ONEDRIVE WATCHER] Checking for new files...
   (No new files found)
🔍 [ONEDRIVE WATCHER] Checking for new files...
   (No new files found)
🔍 [ONEDRIVE WATCHER] Checking for new files...
   (No new files found)
🔍 [ONEDRIVE WATCHER] Checking for new files...
   (No new files found)
🔍 [ONEDRIVE WATCHER] Checking for new files...
   (No new files found)
🔍 [ONEDRIVE WATCHER] Checking for new files...
   (No new files found)
🔍 [ONEDRIVE WATCHER] Checking for new files...
   (No new files found)
🔍 [ONEDRIVE WATCHER] Checking for new files...
   (No new files found)
🔍 [ONEDRIVE WATCHER] Checking for new files...
   (No new files found)
🔍 [ONEDRIVE WATCHER] Checking for new files...
   (No new files found)
🔍 [ONEDRIVE WATCHER] Checking for new files...
   (No new files found)
🔍 [ONEDRIVE WATCHER] Checking for new files...
   (No new files found)
🔍 [ONEDRIVE WATCHER] Checking for new files...
   (No new files found)
🔍 [ONEDRIVE WATCHER] Checking for new files...
   (No new files found)
🔍 [ONEDRIVE WATCHER] Checking for new files...
   (No new files found)
🔍 [ONEDRIVE WATCHER] Checking for new files...
   (No new files found)
🔍 [ONEDRIVE WATCHER] Checking for new files...
   (No new files found)
🔍 [ONEDRIVE WATCHER] Checking for new files...
   (No new files found)
🔍 [ONEDRIVE WATCHER] Checking for new files...
   (No new files found)
🔍 [ONEDRIVE WATCHER] Checking for new files...
   (No new files found)
🔍 [ONEDRIVE WATCHER] Checking for new files...
   (No new files found)
🔍 [ONEDRIVE WATCHER] Checking for new files...
   (No new files found)
🔍 [ONEDRIVE WATCHER] Checking for new files...
   (No new files found)
🔍 [ONEDRIVE WATCHER] Checking for new files...
   (No new files found)
🔍 [ONEDRIVE WATCHER] Checking for new files...
   (No new files found)
🔍 [ONEDRIVE WATCHER] Checking for new files...
   (No new files found)
🔍 [ONEDRIVE WATCHER] Checking for new files...
   (No new files found)
🔍 [ONEDRIVE WATCHER] Checking for new files...
   (No new files found)
🔍 [ONEDRIVE WATCHER] Checking for new files...
   (No new files found)
🔍 [ONEDRIVE WATCHER] Checking for new files...
   (No new files found)
🔍 [ONEDRIVE WATCHER] Checking for new files...
   (No new files found)
🔍 [ONEDRIVE WATCHER] Checking for new files...
   (No new files found)
🔍 [ONEDRIVE WATCHER] Checking for new files...
   (No new files found)
🔍 [ONEDRIVE WATCHER] Checking for new files...
   (No new files found)
🔍 [ONEDRIVE WATCHER] Checking for new files...
   (No new files found)
🔍 [ONEDRIVE WATCHER] Checking for new files...
   (No new files found)
🔍 [ONEDRIVE WATCHER] Checking for new files...
   (No new files found)
🔍 [ONEDRIVE WATCHER] Checking for new files...
   (No new files found)
🔍 [ONEDRIVE WATCHER] Checking for new files...
   (No new files found)
🔍 [ONEDRIVE WATCHER] Checking for new files...
   (No new files found)
🔍 [ONEDRIVE WATCHER] Checking for new files...
   (No new files found)
🔍 [ONEDRIVE WATCHER] Checking for new files...
   (No new files found)
🔍 [ONEDRIVE WATCHER] Checking for new files...
   (No new files found)
🔍 [ONEDRIVE WATCHER] Checking for new files...
   (No new files found)
🔍 [ONEDRIVE WATCHER] Checking for new files...
   (No new files found)
🔍 [ONEDRIVE WATCHER] Checking for new files...
   (No new files found)
🔍 [ONEDRIVE WATCHER] Checking for new files...
   (No new files found)
🔍 [ONEDRIVE WATCHER] Checking for new files...
   (No new files found)
🔍 [ONEDRIVE WATCHER] Checking for new files...
   (No new files found)
🔍 [ONEDRIVE WATCHER] Checking for new files...
   (No new files found)
🔍 [ONEDRIVE WATCHER] Checking for new files...
   (No new files found)
🔍 [ONEDRIVE WATCHER] Checking for new files...
   (No new files found)
🔍 [ONEDRIVE WATCHER] Checking for new files...
   (No new files found)
🔍 [ONEDRIVE WATCHER] Checking for new files...
   (No new files found)
🔍 [ONEDRIVE WATCHER] Checking for new files...
   (No new files found)
🔍 [ONEDRIVE WATCHER] Checking for new files...
   (No new files found)
🔍 [ONEDRIVE WATCHER] Checking for new files...
   (No new files found)
🔍 [ONEDRIVE WATCHER] Checking for new files...
   (No new files found)
🔍 [ONEDRIVE WATCHER] Checking for new files...
   (No new files found)
🔍 [ONEDRIVE WATCHER] Checking for new files...
   (No new files found)
🔍 [ONEDRIVE WATCHER] Checking for new files...
   (No new files found)
🔍 [ONEDRIVE WATCHER] Checking for new files...
   (No new files found)
🔍 [ONEDRIVE WATCHER] Checking for new files...
   (No new files found)
🔍 [ONEDRIVE WATCHER] Checking for new files...
   (No new files found)
🔍 [ONEDRIVE WATCHER] Checking for new files...
   (No new files found)
🔍 [ONEDRIVE WATCHER] Checking for new files...
   (No new files found)
🔍 [ONEDRIVE WATCHER] Checking for new files...
   (No new files found)
🔍 [ONEDRIVE WATCHER] Checking for new files...
   (No new files found)
🔍 [ONEDRIVE WATCHER] Checking for new files...
   (No new files found)
🔍 [ONEDRIVE WATCHER] Checking for new files...
   (No new files found)
🔍 [ONEDRIVE WATCHER] Checking for new files...
   (No new files found)
🔍 [ONEDRIVE WATCHER] Checking for new files...
   (No new files found)
🔍 [ONEDRIVE WATCHER] Checking for new files...
   (No new files found)
🔍 [ONEDRIVE WATCHER] Checking for new files...
   (No new files found)
🔍 [ONEDRIVE WATCHER] Checking for new files...
   (No new files found)
🔍 [ONEDRIVE WATCHER] Checking for new files...
   (No new files found)
🔍 [ONEDRIVE WATCHER] Checking for new files...
   (No new files found)
🔍 [ONEDRIVE WATCHER] Checking for new files...
   (No new files found)
🔍 [ONEDRIVE WATCHER] Checking for new files...
   (No new files found)
🔍 [ONEDRIVE WATCHER] Checking for new files...
   (No new files found)
🔍 [ONEDRIVE WATCHER] Checking for new files...
   (No new files found)
🔍 [ONEDRIVE WATCHER] Checking for new files...
   (No new files found)
🔍 [ONEDRIVE WATCHER] Checking for new files...
   (No new files found)
🔍 [ONEDRIVE WATCHER] Checking for new files...
   (No new files found)
🔍 [ONEDRIVE WATCHER] Checking for new files...
   (No new files found)
🔍 [ONEDRIVE WATCHER] Checking for new files...
   (No new files found)
🔍 [ONEDRIVE WATCHER] Checking for new files...
   (No new files found)
🔍 [ONEDRIVE WATCHER] Checking for new files...
   (No new files found)
🔍 [ONEDRIVE WATCHER] Checking for new files...
   (No new files found)
🔍 [ONEDRIVE WATCHER] Checking for new files...
   (No new files found)
🔍 [ONEDRIVE WATCHER] Checking for new files...
   (No new files found)
🔍 [ONEDRIVE WATCHER] Checking for new files...
   (No new files found)
🔍 [ONEDRIVE WATCHER] Checking for new files...
   (No new files found)
🔍 [ONEDRIVE WATCHER] Checking for new files...
   (No new files found)
🔍 [ONEDRIVE WATCHER] Checking for new files...
   (No new files found)
🔍 [ONEDRIVE WATCHER] Checking for new files...
   (No new files found)
🔍 [ONEDRIVE WATCHER] Checking for new files...
   (No new files found)
🔍 [ONEDRIVE WATCHER] Checking for new files...
   (No new files found)
🔍 [ONEDRIVE WATCHER] Checking for new files...
   (No new files found)
🔍 [ONEDRIVE WATCHER] Checking for new files...
   (No new files found)
🔍 [ONEDRIVE WATCHER] Checking for new files...
   (No new files found)
🔍 [ONEDRIVE WATCHER] Checking for new files...
   (No new files found)
🔍 [ONEDRIVE WATCHER] Checking for new files...
   (No new files found)
🔍 [ONEDRIVE WATCHER] Checking for new files...
   (No new files found)
🔍 [ONEDRIVE WATCHER] Checking for new files...
   (No new files found)
🔍 [ONEDRIVE WATCHER] Checking for new files...
   (No new files found)
🔍 [ONEDRIVE WATCHER] Checking for new files...
   (No new files found)
🔍 [ONEDRIVE WATCHER] Checking for new files...
   (No new files found)
🔍 [ONEDRIVE WATCHER] Checking for new files...
   (No new files found)
🔍 [ONEDRIVE WATCHER] Checking for new files...
   (No new files found)
🔍 [ONEDRIVE WATCHER] Checking for new files...
   (No new files found)
🔍 [ONEDRIVE WATCHER] Checking for new files...
   (No new files found)
🔍 [ONEDRIVE WATCHER] Checking for new files...
   (No new files found)
🔍 [ONEDRIVE WATCHER] Checking for new files...
   (No new files found)
🔍 [ONEDRIVE WATCHER] Checking for new files...
   (No new files found)
🔍 [ONEDRIVE WATCHER] Checking for new files...
   (No new files found)
🔍 [ONEDRIVE WATCHER] Checking for new files...
   (No new files found)
🔍 [ONEDRIVE WATCHER] Checking for new files...
   (No new files found)
🔍 [ONEDRIVE WATCHER] Checking for new files...
   (No new files found)
🔍 [ONEDRIVE WATCHER] Checking for new files...
   (No new files found)
🔍 [ONEDRIVE WATCHER] Checking for new files...
   (No new files found)
🔍 [ONEDRIVE WATCHER] Checking for new files...
   (No new files found)
🔍 [ONEDRIVE WATCHER] Checking for new files...
   (No new files found)
🔍 [ONEDRIVE WATCHER] Checking for new files...
   (No new files found)
🔍 [ONEDRIVE WATCHER] Checking for new files...
   (No new files found)
🔍 [ONEDRIVE WATCHER] Checking for new files...
   (No new files found)
🔍 [ONEDRIVE WATCHER] Checking for new files...
   (No new files found)
🔍 [ONEDRIVE WATCHER] Checking for new files...
   (No new files found)
🔍 [ONEDRIVE WATCHER] Checking for new files...
   (No new files found)
🔍 [ONEDRIVE WATCHER] Checking for new files...
   (No new files found)
🔍 [ONEDRIVE WATCHER] Checking for new files...
   (No new files found)
🔍 [ONEDRIVE WATCHER] Checking for new files...
   (No new files found)
🔍 [ONEDRIVE WATCHER] Checking for new files...
   (No new files found)
🔍 [ONEDRIVE WATCHER] Checking for new files...
   (No new files found)
🔍 [ONEDRIVE WATCHER] Checking for new files...
   (No new files found)
🔍 [ONEDRIVE WATCHER] Checking for new files...
   (No new files found)
🔍 [ONEDRIVE WATCHER] Checking for new files...
   (No new files found)
🔍 [ONEDRIVE WATCHER] Checking for new files...
   (No new files found)
🔍 [ONEDRIVE WATCHER] Checking for new files...
   (No new files found)
🔍 [ONEDRIVE WATCHER] Checking for new files...
   (No new files found)
🔍 [ONEDRIVE WATCHER] Checking for new files...
   (No new files found)
🔍 [ONEDRIVE WATCHER] Checking for new files...
   (No new files found)
🔍 [ONEDRIVE WATCHER] Checking for new files...
   (No new files found)
🔍 [ONEDRIVE WATCHER] Checking for new files...
   (No new files found)
🔍 [ONEDRIVE WATCHER] Checking for new files...
   (No new files found)
🔍 [ONEDRIVE WATCHER] Checking for new files...
   (No new files found)
🔍 [ONEDRIVE WATCHER] Checking for new files...
   (No new files found)
🔍 [ONEDRIVE WATCHER] Checking for new files...
   (No new files found)
🔍 [ONEDRIVE WATCHER] Checking for new files...
   (No new files found)
🔍 [ONEDRIVE WATCHER] Checking for new files...
   (No new files found)
🔍 [ONEDRIVE WATCHER] Checking for new files...
   (No new files found)
🔍 [ONEDRIVE WATCHER] Checking for new files...
   (No new files found)
🔍 [ONEDRIVE WATCHER] Checking for new files...
   (No new files found)
🔍 [ONEDRIVE WATCHER] Checking for new files...
   (No new files found)
🔍 [ONEDRIVE WATCHER] Checking for new files...
   (No new files found)
🔍 [ONEDRIVE WATCHER] Checking for new files...
   (No new files found)
🔍 [ONEDRIVE WATCHER] Checking for new files...
   (No new files found)
🔍 [ONEDRIVE WATCHER] Checking for new files...
   (No new files found)
🔍 [ONEDRIVE WATCHER] Checking for new files...
   (No new files found)
🕒 Scheduled AI Scan Triggered...
🚀 AI Prospecting Agent: Initiating full-scale search for new companies...
✅ AI Prospecting Agent: Exploration complete. Found 3 high-value targets.
🔍 [ONEDRIVE WATCHER] Checking for new files...
   (No new files found)
🔍 [ONEDRIVE WATCHER] Checking for new files...
   (No new files found)
🔍 [ONEDRIVE WATCHER] Checking for new files...
   (No new files found)
🔍 [ONEDRIVE WATCHER] Checking for new files...
   (No new files found)
🔍 [ONEDRIVE WATCHER] Checking for new files...
   (No new files found)
🔍 [ONEDRIVE WATCHER] Checking for new files...
   (No new files found)
🔍 [ONEDRIVE WATCHER] Checking for new files...
   (No new files found)
🔍 [ONEDRIVE WATCHER] Checking for new files...
   (No new files found)
🔍 [ONEDRIVE WATCHER] Checking for new files...
   (No new files found)
🔍 [ONEDRIVE WATCHER] Checking for new files...
   (No new files found)
🔍 [ONEDRIVE WATCHER] Checking for new files...
   (No new files found)
🔍 [ONEDRIVE WATCHER] Checking for new files...
   (No new files found)
🔍 [ONEDRIVE WATCHER] Checking for new files...
   (No new files found)
🔍 [ONEDRIVE WATCHER] Checking for new files...
   (No new files found)
🔍 [ONEDRIVE WATCHER] Checking for new files...
   (No new files found)
🔍 [ONEDRIVE WATCHER] Checking for new files...
   (No new files found)
🔍 [ONEDRIVE WATCHER] Checking for new files...
   (No new files found)
🔍 [ONEDRIVE WATCHER] Checking for new files...
   (No new files found)
🔍 [ONEDRIVE WATCHER] Checking for new files...
   (No new files found)
🔍 [ONEDRIVE WATCHER] Checking for new files...
   (No new files found)
🔍 [ONEDRIVE WATCHER] Checking for new files...
   (No new files found)
🔍 [ONEDRIVE WATCHER] Checking for new files...
   (No new files found)
🔍 [ONEDRIVE WATCHER] Checking for new files...
   (No new files found)
🔍 [ONEDRIVE WATCHER] Checking for new files...
   (No new files found)
🔍 [ONEDRIVE WATCHER] Checking for new files...
   (No new files found)
🔍 [ONEDRIVE WATCHER] Checking for new files...
   (No new files found)
🔍 [ONEDRIVE WATCHER] Checking for new files...
   (No new files found)
🔍 [ONEDRIVE WATCHER] Checking for new files...
   (No new files found)
🔍 [ONEDRIVE WATCHER] Checking for new files...
   (No new files found)
🔍 [ONEDRIVE WATCHER] Checking for new files...
   (No new files found)
🔍 [ONEDRIVE WATCHER] Checking for new files...
   (No new files found)
🔍 [ONEDRIVE WATCHER] Checking for new files...
   (No new files found)
🔍 [ONEDRIVE WATCHER] Checking for new files...
   (No new files found)
🔍 [ONEDRIVE WATCHER] Checking for new files...
   (No new files found)
🔍 [ONEDRIVE WATCHER] Checking for new files...
   (No new files found)
🔍 [ONEDRIVE WATCHER] Checking for new files...
   (No new files found)
🔍 [ONEDRIVE WATCHER] Checking for new files...
   (No new files found)
🔍 [ONEDRIVE WATCHER] Checking for new files...
   (No new files found)
🔍 [ONEDRIVE WATCHER] Checking for new files...
   (No new files found)
🔍 [ONEDRIVE WATCHER] Checking for new files...
   (No new files found)
🔍 [ONEDRIVE WATCHER] Checking for new files...
   (No new files found)
🔍 [ONEDRIVE WATCHER] Checking for new files...
   (No new files found)
🔍 [ONEDRIVE WATCHER] Checking for new files...
   (No new files found)
🔍 [ONEDRIVE WATCHER] Checking for new files...
   (No new files found)
🔍 [ONEDRIVE WATCHER] Checking for new files...
   (No new files found)
🔍 [ONEDRIVE WATCHER] Checking for new files...
   (No new files found)
🔍 [ONEDRIVE WATCHER] Checking for new files...
   (No new files found)
🔍 [ONEDRIVE WATCHER] Checking for new files...
   (No new files found)
🔍 [ONEDRIVE WATCHER] Checking for new files...
   (No new files found)
🔍 [ONEDRIVE WATCHER] Checking for new files...
   (No new files found)
🔍 [ONEDRIVE WATCHER] Checking for new files...
   (No new files found)
🔍 [ONEDRIVE WATCHER] Checking for new files...
   (No new files found)
🔍 [ONEDRIVE WATCHER] Checking for new files...
   (No new files found)
🔍 [ONEDRIVE WATCHER] Checking for new files...
   (No new files found)
🔍 [ONEDRIVE WATCHER] Checking for new files...
   (No new files found)
🔍 [ONEDRIVE WATCHER] Checking for new files...
   (No new files found)
🔍 [ONEDRIVE WATCHER] Checking for new files...
   (No new files found)
🔍 [ONEDRIVE WATCHER] Checking for new files...
   (No new files found)
🔍 [ONEDRIVE WATCHER] Checking for new files...
   (No new files found)
🔍 [ONEDRIVE WATCHER] Checking for new files...
   (No new files found)
🔍 [ONEDRIVE WATCHER] Checking for new files...
   (No new files found)
🔍 [ONEDRIVE WATCHER] Checking for new files...
   (No new files found)
🔍 [ONEDRIVE WATCHER] Checking for new files...
   (No new files found)
🔍 [ONEDRIVE WATCHER] Checking for new files...
   (No new files found)
🔍 [ONEDRIVE WATCHER] Checking for new files...
   (No new files found)
🔍 [ONEDRIVE WATCHER] Checking for new files...
   (No new files found)
🔍 [ONEDRIVE WATCHER] Checking for new files...
   (No new files found)
🔍 [ONEDRIVE WATCHER] Checking for new files...
   (No new files found)
🔍 [ONEDRIVE WATCHER] Checking for new files...
   (No new files found)
🔍 [ONEDRIVE WATCHER] Checking for new files...
   (No new files found)
🔍 [ONEDRIVE WATCHER] Checking for new files...
   (No new files found)
🔍 [ONEDRIVE WATCHER] Checking for new files...
   (No new files found)
🔍 [ONEDRIVE WATCHER] Checking for new files...
   (No new files found)
🔍 [ONEDRIVE WATCHER] Checking for new files...
   (No new files found)
🔍 [ONEDRIVE WATCHER] Checking for new files...
   (No new files found)
🔍 [ONEDRIVE WATCHER] Checking for new files...
   (No new files found)
🔍 [ONEDRIVE WATCHER] Checking for new files...
   (No new files found)
🔍 [ONEDRIVE WATCHER] Checking for new files...
   (No new files found)
🔍 [ONEDRIVE WATCHER] Checking for new files...
   (No new files found)
🔍 [ONEDRIVE WATCHER] Checking for new files...
   (No new files found)
🔍 [ONEDRIVE WATCHER] Checking for new files...
   (No new files found)
🔍 [ONEDRIVE WATCHER] Checking for new files...
   (No new files found)
🔍 [ONEDRIVE WATCHER] Checking for new files...
   (No new files found)
🔍 [ONEDRIVE WATCHER] Checking for new files...
   (No new files found)
🔍 [ONEDRIVE WATCHER] Checking for new files...
   (No new files found)
🔍 [ONEDRIVE WATCHER] Checking for new files...
   (No new files found)
🔍 [ONEDRIVE WATCHER] Checking for new files...
   (No new files found)
🔍 [ONEDRIVE WATCHER] Checking for new files...
   (No new files found)
🔍 [ONEDRIVE WATCHER] Checking for new files...
   (No new files found)
🔍 [ONEDRIVE WATCHER] Checking for new files...
   (No new files found)
🔍 [ONEDRIVE WATCHER] Checking for new files...
   (No new files found)
🔍 [ONEDRIVE WATCHER] Checking for new files...
   (No new files found)
🔍 [ONEDRIVE WATCHER] Checking for new files...
   (No new files found)
🔍 [ONEDRIVE WATCHER] Checking for new files...
   (No new files found)
🔍 [ONEDRIVE WATCHER] Checking for new files...
   (No new files found)
🔍 [ONEDRIVE WATCHER] Checking for new files...
   (No new files found)
🔍 [ONEDRIVE WATCHER] Checking for new files...
   (No new files found)
🔍 [ONEDRIVE WATCHER] Checking for new files...
   (No new files found)
🔍 [ONEDRIVE WATCHER] Checking for new files...
   (No new files found)
🔍 [ONEDRIVE WATCHER] Checking for new files...
   (No new files found)
🔍 [ONEDRIVE WATCHER] Checking for new files...
   (No new files found)
🔍 [ONEDRIVE WATCHER] Checking for new files...
   (No new files found)
🔍 [ONEDRIVE WATCHER] Checking for new files...
   (No new files found)
🔍 [ONEDRIVE WATCHER] Checking for new files...
   (No new files found)
🔍 [ONEDRIVE WATCHER] Checking for new files...
   (No new files found)
🔍 [ONEDRIVE WATCHER] Checking for new files...
   (No new files found)
🔍 [ONEDRIVE WATCHER] Checking for new files...
   (No new files found)
🔍 [ONEDRIVE WATCHER] Checking for new files...
   (No new files found)
🔍 [ONEDRIVE WATCHER] Checking for new files...
   (No new files found)
🔍 [ONEDRIVE WATCHER] Checking for new files...
   (No new files found)
🔍 [ONEDRIVE WATCHER] Checking for new files...
   (No new files found)
🔍 [ONEDRIVE WATCHER] Checking for new files...
   (No new files found)
🔍 [ONEDRIVE WATCHER] Checking for new files...
   (No new files found)
🔍 [ONEDRIVE WATCHER] Checking for new files...
   (No new files found)
🔍 [ONEDRIVE WATCHER] Checking for new files...
   (No new files found)
🔍 [ONEDRIVE WATCHER] Checking for new files...
   (No new files found)
🔍 [ONEDRIVE WATCHER] Checking for new files...
   (No new files found)
🔍 [ONEDRIVE WATCHER] Checking for new files...
   (No new files found)
🔍 [ONEDRIVE WATCHER] Checking for new files...
   (No new files found)
🔍 [ONEDRIVE WATCHER] Checking for new files...
   (No new files found)
🔍 [ONEDRIVE WATCHER] Checking for new files...
   (No new files found)
🔍 [ONEDRIVE WATCHER] Checking for new files...
   (No new files found)
🔍 [ONEDRIVE WATCHER] Checking for new files...
   (No new files found)
🔍 [ONEDRIVE WATCHER] Checking for new files...
   (No new files found)
🔍 [ONEDRIVE WATCHER] Checking for new files...
   (No new files found)
🔍 [ONEDRIVE WATCHER] Checking for new files...
   (No new files found)
🔍 [ONEDRIVE WATCHER] Checking for new files...
   (No new files found)
🔍 [ONEDRIVE WATCHER] Checking for new files...
   (No new files found)
🔍 [ONEDRIVE WATCHER] Checking for new files...
   (No new files found)
🔍 [ONEDRIVE WATCHER] Checking for new files...
   (No new files found)
🔍 [ONEDRIVE WATCHER] Checking for new files...
   (No new files found)
🔍 [ONEDRIVE WATCHER] Checking for new files...
   (No new files found)
🔍 [ONEDRIVE WATCHER] Checking for new files...
   (No new files found)
🔍 [ONEDRIVE WATCHER] Checking for new files...
   (No new files found)
🔍 [ONEDRIVE WATCHER] Checking for new files...
   (No new files found)
🔍 [ONEDRIVE WATCHER] Checking for new files...
   (No new files found)
🔍 [ONEDRIVE WATCHER] Checking for new files...
   (No new files found)
🔍 [ONEDRIVE WATCHER] Checking for new files...
   (No new files found)
🔍 [ONEDRIVE WATCHER] Checking for new files...
   (No new files found)
🔍 [ONEDRIVE WATCHER] Checking for new files...
   (No new files found)
🔍 [ONEDRIVE WATCHER] Checking for new files...
   (No new files found)
🔍 [ONEDRIVE WATCHER] Checking for new files...
   (No new files found)
🔍 [ONEDRIVE WATCHER] Checking for new files...
   (No new files found)
🔍 [ONEDRIVE WATCHER] Checking for new files...
   (No new files found)
🔍 [ONEDRIVE WATCHER] Checking for new files...
   (No new files found)
🔍 [ONEDRIVE WATCHER] Checking for new files...
   (No new files found)
🔍 [ONEDRIVE WATCHER] Checking for new files...
   (No new files found)
🔍 [ONEDRIVE WATCHER] Checking for new files...
   (No new files found)
🔍 [ONEDRIVE WATCHER] Checking for new files...
   (No new files found)
🔍 [ONEDRIVE WATCHER] Checking for new files...
   (No new files found)
🔍 [ONEDRIVE WATCHER] Checking for new files...
   (No new files found)
🔍 [ONEDRIVE WATCHER] Checking for new files...
   (No new files found)
🔍 [ONEDRIVE WATCHER] Checking for new files...
   (No new files found)
🔍 [ONEDRIVE WATCHER] Checking for new files...
   (No new files found)
🔍 [ONEDRIVE WATCHER] Checking for new files...
   (No new files found)
🔍 [ONEDRIVE WATCHER] Checking for new files...
   (No new files found)
🔍 [ONEDRIVE WATCHER] Checking for new files...
   (No new files found)
🔍 [ONEDRIVE WATCHER] Checking for new files...
   (No new files found)
🔍 [ONEDRIVE WATCHER] Checking for new files...
   (No new files found)
🔍 [ONEDRIVE WATCHER] Checking for new files...
   (No new files found)
🔍 [ONEDRIVE WATCHER] Checking for new files...
   (No new files found)
🔍 [ONEDRIVE WATCHER] Checking for new files...
   (No new files found)
🔍 [ONEDRIVE WATCHER] Checking for new files...
   (No new files found)
🔍 [ONEDRIVE WATCHER] Checking for new files...
   (No new files found)
🔍 [ONEDRIVE WATCHER] Checking for new files...
   (No new files found)
🔍 [ONEDRIVE WATCHER] Checking for new files...
   (No new files found)
🔍 [ONEDRIVE WATCHER] Checking for new files...
   (No new files found)
🔍 [ONEDRIVE WATCHER] Checking for new files...
   (No new files found)
🔍 [ONEDRIVE WATCHER] Checking for new files...
   (No new files found)
🔍 [ONEDRIVE WATCHER] Checking for new files...
   (No new files found)
🔍 [ONEDRIVE WATCHER] Checking for new files...
   (No new files found)
🔍 [ONEDRIVE WATCHER] Checking for new files...
   (No new files found)
🔍 [ONEDRIVE WATCHER] Checking for new files...
   (No new files found)
🔍 [ONEDRIVE WATCHER] Checking for new files...
   (No new files found)
🔍 [ONEDRIVE WATCHER] Checking for new files...
   (No new files found)
🔍 [ONEDRIVE WATCHER] Checking for new files...
   (No new files found)
🔍 [ONEDRIVE WATCHER] Checking for new files...
   (No new files found)
🔍 [ONEDRIVE WATCHER] Checking for new files...
   (No new files found)
🔍 [ONEDRIVE WATCHER] Checking for new files...
   (No new files found)
🔍 [ONEDRIVE WATCHER] Checking for new files...
   (No new files found)
🔍 [ONEDRIVE WATCHER] Checking for new files...
   (No new files found)
🔍 [ONEDRIVE WATCHER] Checking for new files...
   (No new files found)
🔍 [ONEDRIVE WATCHER] Checking for new files...
   (No new files found)
🔍 [ONEDRIVE WATCHER] Checking for new files...
   (No new files found)
🔍 [ONEDRIVE WATCHER] Checking for new files...
   (No new files found)
🔍 [ONEDRIVE WATCHER] Checking for new files...
   (No new files found)
🔍 [ONEDRIVE WATCHER] Checking for new files...
   (No new files found)
🔍 [ONEDRIVE WATCHER] Checking for new files...
   (No new files found)
🔍 [ONEDRIVE WATCHER] Checking for new files...
   (No new files found)
🔍 [ONEDRIVE WATCHER] Checking for new files...
   (No new files found)
🔍 [ONEDRIVE WATCHER] Checking for new files...
   (No new files found)
🔍 [ONEDRIVE WATCHER] Checking for new files...
   (No new files found)
🔍 [ONEDRIVE WATCHER] Checking for new files...
   (No new files found)
🔍 [ONEDRIVE WATCHER] Checking for new files...
   (No new files found)
🔍 [ONEDRIVE WATCHER] Checking for new files...
   (No new files found)
🔍 [ONEDRIVE WATCHER] Checking for new files...
   (No new files found)
🔍 [ONEDRIVE WATCHER] Checking for new files...
   (No new files found)
🔍 [ONEDRIVE WATCHER] Checking for new files...
   (No new files found)
🔍 [ONEDRIVE WATCHER] Checking for new files...
   (No new files found)
🔍 [ONEDRIVE WATCHER] Checking for new files...
   (No new files found)
🔍 [ONEDRIVE WATCHER] Checking for new files...
   (No new files found)
🔍 [ONEDRIVE WATCHER] Checking for new files...
   (No new files found)
🔍 [ONEDRIVE WATCHER] Checking for new files...
   (No new files found)
🔍 [ONEDRIVE WATCHER] Checking for new files...
   (No new files found)
🕒 Scheduled AI Scan Triggered...
🚀 AI Prospecting Agent: Initiating full-scale search for new companies...
✅ AI Prospecting Agent: Exploration complete. Found 3 high-value targets.
🔍 [ONEDRIVE WATCHER] Checking for new files...
   (No new files found)
🔍 [ONEDRIVE WATCHER] Checking for new files...
   (No new files found)
🔍 [ONEDRIVE WATCHER] Checking for new files...
   (No new files found)
🔍 [ONEDRIVE WATCHER] Checking for new files...
   (No new files found)
🔍 [ONEDRIVE WATCHER] Checking for new files...
   (No new files found)
🔍 [ONEDRIVE WATCHER] Checking for new files...
   (No new files found)
🔍 [ONEDRIVE WATCHER] Checking for new files...
   (No new files found)
🔍 [ONEDRIVE WATCHER] Checking for new files...
   (No new files found)
🔍 [ONEDRIVE WATCHER] Checking for new files...
   (No new files found)
🔍 [ONEDRIVE WATCHER] Checking for new files...
   (No new files found)
🔍 [ONEDRIVE WATCHER] Checking for new files...
   (No new files found)
🔍 [ONEDRIVE WATCHER] Checking for new files...
   (No new files found)
🔍 [ONEDRIVE WATCHER] Checking for new files...
   (No new files found)
🔍 [ONEDRIVE WATCHER] Checking for new files...
   (No new files found)
🔍 [ONEDRIVE WATCHER] Checking for new files...
   (No new files found)
🔍 [ONEDRIVE WATCHER] Checking for new files...
   (No new files found)
🔍 [ONEDRIVE WATCHER] Checking for new files...
   (No new files found)
🔍 [ONEDRIVE WATCHER] Checking for new files...
   (No new files found)
🔍 [ONEDRIVE WATCHER] Checking for new files...
   (No new files found)
🔍 [ONEDRIVE WATCHER] Checking for new files...
   (No new files found)
🔍 [ONEDRIVE WATCHER] Checking for new files...
   (No new files found)
🔍 [ONEDRIVE WATCHER] Checking for new files...
   (No new files found)
🔍 [ONEDRIVE WATCHER] Checking for new files...
   (No new files found)
🔍 [ONEDRIVE WATCHER] Checking for new files...
   (No new files found)
🔍 [ONEDRIVE WATCHER] Checking for new files...
   (No new files found)
🔍 [ONEDRIVE WATCHER] Checking for new files...
   (No new files found)
🔍 [ONEDRIVE WATCHER] Checking for new files...
   (No new files found)
🔍 [ONEDRIVE WATCHER] Checking for new files...
   (No new files found)
🔍 [ONEDRIVE WATCHER] Checking for new files...
   (No new files found)
🔍 [ONEDRIVE WATCHER] Checking for new files...
   (No new files found)
[INFO] 12:35:29 Restarting: /Users/alexandregarcia/Brasa-Meat-Intelligence-BACKUP/server/src/controllers/AnalystController.ts has been modified
[Static] Serving frontend from: /Users/alexandregarcia/Brasa-Meat-Intelligence-BACKUP/client/dist
[Startup] Cleaning up duplicate proteins from the database...
[Startup] SUCCESS: Removed 0 duplicate proteins.
[Startup] Ensuring default system settings exist...
[Startup] SUCCESS: Verified default system settings and store targets.
[Startup] Ensuring primary store users are marked...
[Startup] SUCCESS: Marked 0 legacy/system users as primary.
[Startup] Ensuring critical production accounts are protected with proper auth and roles...
[Startup] SUCCESS: Production accounts verified and secured.
🚀 BRASA INTEL v4.2.0-DASHBOARD-EXEC running on http://localhost:3002
📅 Business Date Sync: Central Time (UTC-6) ACTIVE
🤖 AI Prospecting Agent: ONLINE (24/7 Watch Mode)
👁️ [ONEDRIVE WATCHER] Service Started. Monitoring for invoices...
🔍 [ONEDRIVE WATCHER] Checking for new files...
🚀 AI Prospecting Agent: Initiating full-scale search for new companies...
   Found 1 new invoices.
   Processing: invoice_sysco_dallas_0218.pdf
✅ AI Prospecting Agent: Exploration complete. Found 3 high-value targets.
   ✨ [Automated Ingestion] Successfully processed invoice_sysco_dallas_0218.pdf. Extracted 12 items.
✅ [MS GRAPH] Moving invoice_sysco_dallas_0218.pdf to 'Processed' folder...
🔍 [ONEDRIVE WATCHER] Checking for new files...
   (No new files found)
🔍 [ONEDRIVE WATCHER] Checking for new files...
   (No new files found)
🔍 [ONEDRIVE WATCHER] Checking for new files...
   (No new files found)
🔍 [ONEDRIVE WATCHER] Checking for new files...
   (No new files found)
🔍 [ONEDRIVE WATCHER] Checking for new files...
   (No new files found)
🔍 [ONEDRIVE WATCHER] Checking for new files...
   (No new files found)
🔍 [ONEDRIVE WATCHER] Checking for new files...
   (No new files found)
🔍 [ONEDRIVE WATCHER] Checking for new files...
   (No new files found)
🔍 [ONEDRIVE WATCHER] Checking for new files...
   (No new files found)
🔍 [ONEDRIVE WATCHER] Checking for new files...
   (No new files found)
🔍 [ONEDRIVE WATCHER] Checking for new files...
   (No new files found)
🔍 [ONEDRIVE WATCHER] Checking for new files...
   (No new files found)
🔍 [ONEDRIVE WATCHER] Checking for new files...
   (No new files found)
🔍 [ONEDRIVE WATCHER] Checking for new files...
   (No new files found)
🔍 [ONEDRIVE WATCHER] Checking for new files...
   (No new files found)
🔍 [ONEDRIVE WATCHER] Checking for new files...
   (No new files found)
🔍 [ONEDRIVE WATCHER] Checking for new files...
   (No new files found)
🔍 [ONEDRIVE WATCHER] Checking for new files...
   (No new files found)
🔍 [ONEDRIVE WATCHER] Checking for new files...
   (No new files found)
🔍 [ONEDRIVE WATCHER] Checking for new files...
   (No new files found)
🔍 [ONEDRIVE WATCHER] Checking for new files...
   (No new files found)
🔍 [ONEDRIVE WATCHER] Checking for new files...
   (No new files found)
🔍 [ONEDRIVE WATCHER] Checking for new files...
   (No new files found)
🔍 [ONEDRIVE WATCHER] Checking for new files...
   (No new files found)
🔍 [ONEDRIVE WATCHER] Checking for new files...
   (No new files found)
[INFO] 13:01:02 Restarting: /Users/alexandregarcia/Brasa-Meat-Intelligence-BACKUP/server/src/controllers/PurchaseController.ts has been modified
[Static] Serving frontend from: /Users/alexandregarcia/Brasa-Meat-Intelligence-BACKUP/client/dist
[Startup] Cleaning up duplicate proteins from the database...
[Startup] SUCCESS: Removed 0 duplicate proteins.
[Startup] Ensuring default system settings exist...
[Startup] SUCCESS: Verified default system settings and store targets.
[Startup] Ensuring primary store users are marked...
[Startup] SUCCESS: Marked 0 legacy/system users as primary.
[Startup] Ensuring critical production accounts are protected with proper auth and roles...
[Startup] SUCCESS: Production accounts verified and secured.
🚀 BRASA INTEL v4.2.0-DASHBOARD-EXEC running on http://localhost:3002
📅 Business Date Sync: Central Time (UTC-6) ACTIVE
🤖 AI Prospecting Agent: ONLINE (24/7 Watch Mode)
👁️ [ONEDRIVE WATCHER] Service Started. Monitoring for invoices...
🔍 [ONEDRIVE WATCHER] Checking for new files...
🚀 AI Prospecting Agent: Initiating full-scale search for new companies...
   Found 1 new invoices.
   Processing: invoice_sysco_dallas_0218.pdf
✅ AI Prospecting Agent: Exploration complete. Found 3 high-value targets.
   ✨ [Automated Ingestion] Successfully processed invoice_sysco_dallas_0218.pdf. Extracted 12 items.
✅ [MS GRAPH] Moving invoice_sysco_dallas_0218.pdf to 'Processed' folder...
[INFO] 13:01:19 Restarting: /Users/alexandregarcia/Brasa-Meat-Intelligence-BACKUP/server/src/controllers/PurchaseController.ts has been modified
[Static] Serving frontend from: /Users/alexandregarcia/Brasa-Meat-Intelligence-BACKUP/client/dist
[Startup] Cleaning up duplicate proteins from the database...
[Startup] SUCCESS: Removed 0 duplicate proteins.
[Startup] Ensuring default system settings exist...
[Startup] SUCCESS: Verified default system settings and store targets.
[Startup] Ensuring primary store users are marked...
[Startup] SUCCESS: Marked 0 legacy/system users as primary.
[Startup] Ensuring critical production accounts are protected with proper auth and roles...
[Startup] SUCCESS: Production accounts verified and secured.
🚀 BRASA INTEL v4.2.0-DASHBOARD-EXEC running on http://localhost:3002
📅 Business Date Sync: Central Time (UTC-6) ACTIVE
🤖 AI Prospecting Agent: ONLINE (24/7 Watch Mode)
👁️ [ONEDRIVE WATCHER] Service Started. Monitoring for invoices...
🔍 [ONEDRIVE WATCHER] Checking for new files...
🚀 AI Prospecting Agent: Initiating full-scale search for new companies...
   Found 1 new invoices.
   Processing: invoice_sysco_dallas_0218.pdf
✅ AI Prospecting Agent: Exploration complete. Found 3 high-value targets.
   ✨ [Automated Ingestion] Successfully processed invoice_sysco_dallas_0218.pdf. Extracted 12 items.
✅ [MS GRAPH] Moving invoice_sysco_dallas_0218.pdf to 'Processed' folder...
🔍 [ONEDRIVE WATCHER] Checking for new files...
   (No new files found)
🔍 [ONEDRIVE WATCHER] Checking for new files...
   (No new files found)
🔍 [ONEDRIVE WATCHER] Checking for new files...
   (No new files found)
🔍 [ONEDRIVE WATCHER] Checking for new files...
   (No new files found)
🔍 [ONEDRIVE WATCHER] Checking for new files...
   (No new files found)
🔍 [ONEDRIVE WATCHER] Checking for new files...
   (No new files found)
🔍 [ONEDRIVE WATCHER] Checking for new files...
   (No new files found)
🔍 [ONEDRIVE WATCHER] Checking for new files...
   (No new files found)
[INFO] 13:10:10 Restarting: /Users/alexandregarcia/Brasa-Meat-Intelligence-BACKUP/server/src/controllers/PurchaseController.ts has been modified
[Static] Serving frontend from: /Users/alexandregarcia/Brasa-Meat-Intelligence-BACKUP/client/dist
[Startup] Cleaning up duplicate proteins from the database...
[Startup] SUCCESS: Removed 0 duplicate proteins.
[Startup] Ensuring default system settings exist...
[Startup] SUCCESS: Verified default system settings and store targets.
[Startup] Ensuring primary store users are marked...
[Startup] SUCCESS: Marked 0 legacy/system users as primary.
[Startup] Ensuring critical production accounts are protected with proper auth and roles...
[Startup] SUCCESS: Production accounts verified and secured.
🚀 BRASA INTEL v4.2.0-DASHBOARD-EXEC running on http://localhost:3002
📅 Business Date Sync: Central Time (UTC-6) ACTIVE
🤖 AI Prospecting Agent: ONLINE (24/7 Watch Mode)
👁️ [ONEDRIVE WATCHER] Service Started. Monitoring for invoices...
🔍 [ONEDRIVE WATCHER] Checking for new files...
🚀 AI Prospecting Agent: Initiating full-scale search for new companies...
   Found 1 new invoices.
   Processing: invoice_sysco_dallas_0218.pdf
✅ AI Prospecting Agent: Exploration complete. Found 3 high-value targets.
   ✨ [Automated Ingestion] Successfully processed invoice_sysco_dallas_0218.pdf. Extracted 12 items.
✅ [MS GRAPH] Moving invoice_sysco_dallas_0218.pdf to 'Processed' folder...
[INFO] 13:10:30 Restarting: /Users/alexandregarcia/Brasa-Meat-Intelligence-BACKUP/server/src/routes/purchase.routes.ts has been modified
[Static] Serving frontend from: /Users/alexandregarcia/Brasa-Meat-Intelligence-BACKUP/client/dist
[Startup] Cleaning up duplicate proteins from the database...
[Startup] SUCCESS: Removed 0 duplicate proteins.
[Startup] Ensuring default system settings exist...
[Startup] SUCCESS: Verified default system settings and store targets.
[Startup] Ensuring primary store users are marked...
[Startup] SUCCESS: Marked 0 legacy/system users as primary.
[Startup] Ensuring critical production accounts are protected with proper auth and roles...
[Startup] SUCCESS: Production accounts verified and secured.
🚀 BRASA INTEL v4.2.0-DASHBOARD-EXEC running on http://localhost:3002
📅 Business Date Sync: Central Time (UTC-6) ACTIVE
🤖 AI Prospecting Agent: ONLINE (24/7 Watch Mode)
👁️ [ONEDRIVE WATCHER] Service Started. Monitoring for invoices...
🔍 [ONEDRIVE WATCHER] Checking for new files...
🚀 AI Prospecting Agent: Initiating full-scale search for new companies...
   Found 1 new invoices.
   Processing: invoice_sysco_dallas_0218.pdf
✅ AI Prospecting Agent: Exploration complete. Found 3 high-value targets.
   ✨ [Automated Ingestion] Successfully processed invoice_sysco_dallas_0218.pdf. Extracted 12 items.
✅ [MS GRAPH] Moving invoice_sysco_dallas_0218.pdf to 'Processed' folder...
🔍 [ONEDRIVE WATCHER] Checking for new files...
   (No new files found)
